Drill report for JosEffigy-All-Keyboard-Mixbox.kicad_pcb
Created on 07/06/2023 4:44:35 pm

Copper Layer Stackup:
    =============================================================
    L1 :  F.Cu                      front
    L2 :  B.Cu                      back


Drill file 'JosEffigy-All-Keyboard-Mixbox-PTH.drl' contains
    plated through holes:
    =============================================================
    T1  0.400mm  0.0157"  (10 holes)
    T2  1.020mm  0.0402"  (43 holes)
    T3  3.050mm  0.1201"  (32 holes)

    Total plated holes count 85


Drill file 'JosEffigy-All-Keyboard-Mixbox-NPTH.drl' contains
    unplated through holes:
    =============================================================
    T1  1.500mm  0.0591"  (2 holes)
    T2  1.750mm  0.0689"  (32 holes)
    T3  1.800mm  0.0709"  (2 holes)
    T4  2.200mm  0.0866"  (4 holes)
    T5  4.000mm  0.1575"  (16 holes)

    Total unplated holes count 56
